<?xml version="1.0" encoding="UTF-8"?>
<!-- Generated by org.testng.reporters.JUnitXMLReporter -->
<testsuite hostname="tubas-MBP.lan" name="Default test" tests="3" failures="0" timestamp="23 Jul 2020 23:27:01 GMT" time="26.721" errors="0">
  <testcase name="verifypageTitle" time="5.113" classname="com.qa.hubspot.test.LoginPageTest"/>
  <testcase name="VerifySignupLinkTest" time="5.707" classname="com.qa.hubspot.test.LoginPageTest"/>
  <testcase name="loginTest" time="10.831" classname="com.qa.hubspot.test.LoginPageTest"/>
</testsuite> <!-- Default test -->
