<?xml version="1.0" encoding="UTF-8"?>
<!-- Generated by org.testng.reporters.JUnitXMLReporter -->
<testsuite hostname="tubas-MBP.lan" ignored="1" name="Command line test" tests="10" failures="1" timestamp="2020-07-18T11:28:20 CDT" time="93.115" errors="0">
  <testcase name="VerifyTitle" time="0.774" classname="com.qa.hubspot.test.ContactsPageTest"/>
  <testcase name="createContactsTest" time="5.793" classname="com.qa.hubspot.test.ContactsPageTest"/>
  <testcase name="createContactsTest" time="5.545" classname="com.qa.hubspot.test.ContactsPageTest"/>
  <testcase name="createContactsTest" time="5.704" classname="com.qa.hubspot.test.ContactsPageTest"/>
  <testcase name="verifyUserAccountName" time="0.741" classname="com.qa.hubspot.test.HomePageTest"/>
  <testcase name="verifyHomePageTitleTest" time="0.002" classname="com.qa.hubspot.test.HomePageTest"/>
  <testcase name="verifyHomepageheaderTest" time="0.69" classname="com.qa.hubspot.test.HomePageTest"/>
  <testcase name="verifypageTitle" time="0.01" classname="com.qa.hubspot.test.LoginPageTest"/>
  <testcase name="VerifySignupLinkTest" time="0.678" classname="com.qa.hubspot.test.LoginPageTest"/>
  <testcase name="loginTest" time="4.48" classname="com.qa.hubspot.test.LoginPageTest">
    <failure type="java.lang.AssertionError" message="expected [Ideal Auto ] but found []">
      <![CDATA[java.lang.AssertionError: expected [Ideal Auto ] but found []
at com.qa.hubspot.test.LoginPageTest.loginTest(LoginPageTest.java:54)
at java.util.ArrayList.forEach(ArrayList.java:1257)
... Removed 42 stack frames]]>
    </failure>
  </testcase> <!-- loginTest -->
  <testcase name="login_invalidTestCase" time="0.0" classname="com.qa.hubspot.test.LoginPageTest">
    <ignored/>
  </testcase> <!-- login_invalidTestCase -->
</testsuite> <!-- Command line test -->
