<?xml version="1.0" encoding="UTF-8"?>
<testng-results skipped="3" failed="0" total="3" passed="0">
  <reporter-output>
  </reporter-output>
  <suite name="Default suite" duration-ms="239" started-at="2020-07-26T18:34:29Z" finished-at="2020-07-26T18:34:30Z">
    <groups>
      <group name="sanity">
        <method signature="LoginPageTest.verifypageTitle()[pri:1, instance:com.qa.hubspot.test.LoginPageTest@650eab8]" name="verifypageTitle" class="com.qa.hubspot.test.LoginPageTest"/>
      </group> <!-- sanity -->
    </groups>
    <test name="Default test" duration-ms="239" started-at="2020-07-26T18:34:29Z" finished-at="2020-07-26T18:34:30Z">
      <class name="com.qa.hubspot.test.LoginPageTest">
        <test-method status="FAIL" signature="SetUp(java.lang.String)[pri:0, instance:com.qa.hubspot.test.LoginPageTest@650eab8]" name="SetUp" is-config="true" duration-ms="0" started-at="2020-07-26T13:34:29Z" finished-at="2020-07-26T13:34:29Z">
          <exception class="org.testng.TestNGException">
            <message>
              <![CDATA[
Parameter 'browser' is required by @Configuration on method SetUp but has not been marked @Optional or defined
in /private/var/folders/yb/krnghls147558fhdc_jxdnh00000gn/T/testng-eclipse-793416715/testng-customsuite.xml]]>
            </message>
            <full-stacktrace>
              <![CDATA[org.testng.TestNGException: 
Parameter 'browser' is required by @Configuration on method SetUp but has not been marked @Optional or defined
in /private/var/folders/yb/krnghls147558fhdc_jxdnh00000gn/T/testng-eclipse-793416715/testng-customsuite.xml
	at org.testng.internal.Parameters.createParameters(Parameters.java:154)
	at org.testng.internal.Parameters.createParameters(Parameters.java:361)
	at org.testng.internal.Parameters.createConfigurationParameters(Parameters.java:84)
	at org.testng.internal.Invoker.invokeConfigurations(Invoker.java:201)
	at org.testng.internal.Invoker.invokeMethod(Invoker.java:589)
	at org.testng.internal.Invoker.invokeTestMethod(Invoker.java:822)
	at org.testng.internal.Invoker.invokeTestMethods(Invoker.java:1130)
	at org.testng.internal.TestMethodWorker.invokeTestMethods(TestMethodWorker.java:129)
	at org.testng.internal.TestMethodWorker.run(TestMethodWorker.java:112)
	at org.testng.TestRunner.privateRun(TestRunner.java:782)
	at org.testng.TestRunner.run(TestRunner.java:632)
	at org.testng.SuiteRunner.runTest(SuiteRunner.java:366)
	at org.testng.SuiteRunner.runSequentially(SuiteRunner.java:361)
	at org.testng.SuiteRunner.privateRun(SuiteRunner.java:319)
	at org.testng.SuiteRunner.run(SuiteRunner.java:268)
	at org.testng.SuiteRunnerWorker.runSuite(SuiteRunnerWorker.java:52)
	at org.testng.SuiteRunnerWorker.run(SuiteRunnerWorker.java:86)
	at org.testng.TestNG.runSuitesSequentially(TestNG.java:1244)
	at org.testng.TestNG.runSuitesLocally(TestNG.java:1169)
	at org.testng.TestNG.run(TestNG.java:1064)
	at org.testng.remote.RemoteTestNG.run(RemoteTestNG.java:113)
	at org.testng.remote.RemoteTestNG.initAndRun(RemoteTestNG.java:206)
	at org.testng.remote.RemoteTestNG.main(RemoteTestNG.java:177)
]]>
            </full-stacktrace>
          </exception> <!-- org.testng.TestNGException -->
          <reporter-output>
          </reporter-output>
        </test-method> <!-- SetUp -->
        <test-method status="SKIP" signature="verifypageTitle()[pri:1, instance:com.qa.hubspot.test.LoginPageTest@650eab8]" name="verifypageTitle" duration-ms="15" started-at="2020-07-26T13:34:29Z" finished-at="2020-07-26T13:34:29Z">
          <reporter-output>
          </reporter-output>
        </test-method> <!-- verifypageTitle -->
        <test-method status="SKIP" signature="teardown()[pri:0, instance:com.qa.hubspot.test.LoginPageTest@650eab8]" name="teardown" is-config="true" duration-ms="0" started-at="2020-07-26T13:34:29Z" finished-at="2020-07-26T13:34:29Z">
          <reporter-output>
          </reporter-output>
        </test-method> <!-- teardown -->
        <test-method status="FAIL" signature="SetUp(java.lang.String)[pri:0, instance:com.qa.hubspot.test.LoginPageTest@650eab8]" name="SetUp" is-config="true" duration-ms="0" started-at="2020-07-26T13:34:29Z" finished-at="2020-07-26T13:34:29Z">
          <exception class="org.testng.TestNGException">
            <message>
              <![CDATA[
Parameter 'browser' is required by @Configuration on method SetUp but has not been marked @Optional or defined
in /private/var/folders/yb/krnghls147558fhdc_jxdnh00000gn/T/testng-eclipse-793416715/testng-customsuite.xml]]>
            </message>
            <full-stacktrace>
              <![CDATA[org.testng.TestNGException: 
Parameter 'browser' is required by @Configuration on method SetUp but has not been marked @Optional or defined
in /private/var/folders/yb/krnghls147558fhdc_jxdnh00000gn/T/testng-eclipse-793416715/testng-customsuite.xml
	at org.testng.internal.Parameters.createParameters(Parameters.java:154)
	at org.testng.internal.Parameters.createParameters(Parameters.java:361)
	at org.testng.internal.Parameters.createConfigurationParameters(Parameters.java:84)
	at org.testng.internal.Invoker.invokeConfigurations(Invoker.java:201)
	at org.testng.internal.Invoker.invokeMethod(Invoker.java:589)
	at org.testng.internal.Invoker.invokeTestMethod(Invoker.java:822)
	at org.testng.internal.Invoker.invokeTestMethods(Invoker.java:1130)
	at org.testng.internal.TestMethodWorker.invokeTestMethods(TestMethodWorker.java:129)
	at org.testng.internal.TestMethodWorker.run(TestMethodWorker.java:112)
	at org.testng.TestRunner.privateRun(TestRunner.java:782)
	at org.testng.TestRunner.run(TestRunner.java:632)
	at org.testng.SuiteRunner.runTest(SuiteRunner.java:366)
	at org.testng.SuiteRunner.runSequentially(SuiteRunner.java:361)
	at org.testng.SuiteRunner.privateRun(SuiteRunner.java:319)
	at org.testng.SuiteRunner.run(SuiteRunner.java:268)
	at org.testng.SuiteRunnerWorker.runSuite(SuiteRunnerWorker.java:52)
	at org.testng.SuiteRunnerWorker.run(SuiteRunnerWorker.java:86)
	at org.testng.TestNG.runSuitesSequentially(TestNG.java:1244)
	at org.testng.TestNG.runSuitesLocally(TestNG.java:1169)
	at org.testng.TestNG.run(TestNG.java:1064)
	at org.testng.remote.RemoteTestNG.run(RemoteTestNG.java:113)
	at org.testng.remote.RemoteTestNG.initAndRun(RemoteTestNG.java:206)
	at org.testng.remote.RemoteTestNG.main(RemoteTestNG.java:177)
]]>
            </full-stacktrace>
          </exception> <!-- org.testng.TestNGException -->
          <reporter-output>
          </reporter-output>
        </test-method> <!-- SetUp -->
        <test-method status="SKIP" signature="VerifySignupLinkTest()[pri:2, instance:com.qa.hubspot.test.LoginPageTest@650eab8]" name="VerifySignupLinkTest" duration-ms="2" started-at="2020-07-26T13:34:29Z" finished-at="2020-07-26T13:34:29Z">
          <reporter-output>
          </reporter-output>
        </test-method> <!-- VerifySignupLinkTest -->
        <test-method status="SKIP" signature="teardown()[pri:0, instance:com.qa.hubspot.test.LoginPageTest@650eab8]" name="teardown" is-config="true" duration-ms="0" started-at="2020-07-26T13:34:29Z" finished-at="2020-07-26T13:34:29Z">
          <reporter-output>
          </reporter-output>
        </test-method> <!-- teardown -->
        <test-method status="FAIL" signature="SetUp(java.lang.String)[pri:0, instance:com.qa.hubspot.test.LoginPageTest@650eab8]" name="SetUp" is-config="true" duration-ms="0" started-at="2020-07-26T13:34:29Z" finished-at="2020-07-26T13:34:29Z">
          <exception class="org.testng.TestNGException">
            <message>
              <![CDATA[
Parameter 'browser' is required by @Configuration on method SetUp but has not been marked @Optional or defined
in /private/var/folders/yb/krnghls147558fhdc_jxdnh00000gn/T/testng-eclipse-793416715/testng-customsuite.xml]]>
            </message>
            <full-stacktrace>
              <![CDATA[org.testng.TestNGException: 
Parameter 'browser' is required by @Configuration on method SetUp but has not been marked @Optional or defined
in /private/var/folders/yb/krnghls147558fhdc_jxdnh00000gn/T/testng-eclipse-793416715/testng-customsuite.xml
	at org.testng.internal.Parameters.createParameters(Parameters.java:154)
	at org.testng.internal.Parameters.createParameters(Parameters.java:361)
	at org.testng.internal.Parameters.createConfigurationParameters(Parameters.java:84)
	at org.testng.internal.Invoker.invokeConfigurations(Invoker.java:201)
	at org.testng.internal.Invoker.invokeMethod(Invoker.java:589)
	at org.testng.internal.Invoker.invokeTestMethod(Invoker.java:822)
	at org.testng.internal.Invoker.invokeTestMethods(Invoker.java:1130)
	at org.testng.internal.TestMethodWorker.invokeTestMethods(TestMethodWorker.java:129)
	at org.testng.internal.TestMethodWorker.run(TestMethodWorker.java:112)
	at org.testng.TestRunner.privateRun(TestRunner.java:782)
	at org.testng.TestRunner.run(TestRunner.java:632)
	at org.testng.SuiteRunner.runTest(SuiteRunner.java:366)
	at org.testng.SuiteRunner.runSequentially(SuiteRunner.java:361)
	at org.testng.SuiteRunner.privateRun(SuiteRunner.java:319)
	at org.testng.SuiteRunner.run(SuiteRunner.java:268)
	at org.testng.SuiteRunnerWorker.runSuite(SuiteRunnerWorker.java:52)
	at org.testng.SuiteRunnerWorker.run(SuiteRunnerWorker.java:86)
	at org.testng.TestNG.runSuitesSequentially(TestNG.java:1244)
	at org.testng.TestNG.runSuitesLocally(TestNG.java:1169)
	at org.testng.TestNG.run(TestNG.java:1064)
	at org.testng.remote.RemoteTestNG.run(RemoteTestNG.java:113)
	at org.testng.remote.RemoteTestNG.initAndRun(RemoteTestNG.java:206)
	at org.testng.remote.RemoteTestNG.main(RemoteTestNG.java:177)
]]>
            </full-stacktrace>
          </exception> <!-- org.testng.TestNGException -->
          <reporter-output>
          </reporter-output>
        </test-method> <!-- SetUp -->
        <test-method status="SKIP" signature="loginTest()[pri:3, instance:com.qa.hubspot.test.LoginPageTest@650eab8]" name="loginTest" duration-ms="2" started-at="2020-07-26T13:34:30Z" finished-at="2020-07-26T13:34:30Z">
          <reporter-output>
          </reporter-output>
        </test-method> <!-- loginTest -->
        <test-method status="SKIP" signature="teardown()[pri:0, instance:com.qa.hubspot.test.LoginPageTest@650eab8]" name="teardown" is-config="true" duration-ms="0" started-at="2020-07-26T13:34:30Z" finished-at="2020-07-26T13:34:30Z">
          <reporter-output>
          </reporter-output>
        </test-method> <!-- teardown -->
      </class> <!-- com.qa.hubspot.test.LoginPageTest -->
    </test> <!-- Default test -->
  </suite> <!-- Default suite -->
</testng-results>
